0 info it worked if it ends with ok
1 verbose cli [ 'node', '/usr/local/bin/npm', 'install', 'ngstorage' ]
2 info using npm@1.4.23
3 info using node@v0.10.31
4 warn package.json myapp@1.0.0 No repository field.
5 verbose readDependencies using package.json deps
6 verbose cache add [ 'ngstorage', null ]
7 verbose cache add name=undefined spec="ngstorage" args=["ngstorage",null]
8 verbose parsed url { protocol: null,
8 verbose parsed url   slashes: null,
8 verbose parsed url   auth: null,
8 verbose parsed url   host: null,
8 verbose parsed url   port: null,
8 verbose parsed url   hostname: null,
8 verbose parsed url   hash: null,
8 verbose parsed url   search: null,
8 verbose parsed url   query: null,
8 verbose parsed url   pathname: 'ngstorage',
8 verbose parsed url   path: 'ngstorage',
8 verbose parsed url   href: 'ngstorage' }
9 silly lockFile 11dd4b0d-ngstorage ngstorage
10 verbose lock ngstorage /Users/carolinelouie/.npm/11dd4b0d-ngstorage.lock
11 silly lockFile 11dd4b0d-ngstorage ngstorage
12 silly lockFile 11dd4b0d-ngstorage ngstorage
13 verbose addNamed [ 'ngstorage', '' ]
14 verbose addNamed [ null, '*' ]
15 silly lockFile 0ed9b154-ngstorage ngstorage@
16 verbose lock ngstorage@ /Users/carolinelouie/.npm/0ed9b154-ngstorage.lock
17 silly addNameRange { name: 'ngstorage', range: '*', hasData: false }
18 verbose request where is /ngstorage
19 verbose request registry https://registry.npmjs.org/
20 verbose request id 9e2d9b99f833970d
21 verbose url raw /ngstorage
22 verbose url resolving [ 'https://registry.npmjs.org/', './ngstorage' ]
23 verbose url resolved https://registry.npmjs.org/ngstorage
24 verbose request where is https://registry.npmjs.org/ngstorage
25 info trying registry request attempt 1 at 15:09:04
26 http GET https://registry.npmjs.org/ngstorage
27 http 404 https://registry.npmjs.org/ngstorage
28 verbose headers { date: 'Wed, 15 Apr 2015 18:09:04 GMT',
28 verbose headers   server: 'CouchDB/1.5.0 (Erlang OTP/R16B03)',
28 verbose headers   'content-type': 'application/json',
28 verbose headers   'cache-control': 'max-age=0',
28 verbose headers   'content-length': '51',
28 verbose headers   'accept-ranges': 'bytes',
28 verbose headers   via: '1.1 varnish',
28 verbose headers   'x-served-by': 'cache-atl6224-ATL',
28 verbose headers   'x-cache': 'MISS',
28 verbose headers   'x-cache-hits': '0',
28 verbose headers   'x-timer': 'S1429121344.826520,VS0,VE79',
28 verbose headers   'keep-alive': 'timeout=10, max=50',
28 verbose headers   connection: 'Keep-Alive' }
29 silly registry.get cb [ 404,
29 silly registry.get   { date: 'Wed, 15 Apr 2015 18:09:04 GMT',
29 silly registry.get     server: 'CouchDB/1.5.0 (Erlang OTP/R16B03)',
29 silly registry.get     'content-type': 'application/json',
29 silly registry.get     'cache-control': 'max-age=0',
29 silly registry.get     'content-length': '51',
29 silly registry.get     'accept-ranges': 'bytes',
29 silly registry.get     via: '1.1 varnish',
29 silly registry.get     'x-served-by': 'cache-atl6224-ATL',
29 silly registry.get     'x-cache': 'MISS',
29 silly registry.get     'x-cache-hits': '0',
29 silly registry.get     'x-timer': 'S1429121344.826520,VS0,VE79',
29 silly registry.get     'keep-alive': 'timeout=10, max=50',
29 silly registry.get     connection: 'Keep-Alive' } ]
30 silly lockFile 0ed9b154-ngstorage ngstorage@
31 silly lockFile 0ed9b154-ngstorage ngstorage@
32 error 404 404 Not Found: ngstorage
32 error 404
32 error 404 'ngstorage' is not in the npm registry.
32 error 404 You should bug the author to publish it
32 error 404 It was specified as a dependency of 'myapp'
32 error 404
32 error 404 Note that you can also install from a
32 error 404 tarball, folder, or http url, or git url.
33 error System Darwin 14.1.0
34 error command "node" "/usr/local/bin/npm" "install" "ngstorage"
35 error cwd /Users/carolinelouie/Documents/dev/capture/myApp
36 error node -v v0.10.31
37 error npm -v 1.4.23
38 error code E404
39 verbose exit [ 1, true ]
